MPASM  5.51                    MIDPROJECT.ASM   11-27-2020  23:25:33         PAGE  1


LOC  OBJECT CODE     LINE SOURCE TEXT
  VALUE

                      00001 #include<p18F4550.inc>
                      00001         LIST
                      00002 
                      00003 ;==========================================================================
                      00004 ;  MPASM PIC18F4550 processor include
                      00005 ; 
                      00006 ;  (c) Copyright 1999-2013 Microchip Technology, All rights reserved
                      00007 ;==========================================================================
                      00008 
                      01764         LIST
                      00002 
  00000000            00003 loop_cnt        equ     0x00
  00000001            00004 loop_cnt1       equ     0x01
                      00005 
000000                00006                         org 0x00
000000 EF45 F001      00007                         goto start
000008                00008                         org 0x08
000008 0010           00009                         retfie
000018                00010                         org 0x18
000018 0010           00011                         retfie
                      00012 
                      00013 dup_nop         macro n
                      00014                         variable i
                      00015 i=0
                      00016                         while i < n
                      00017                         nop
                      00018 i+=1
                      00019                         endw
                      00020                         endm
                      00021 
                      00022 ;****************************************************************
                      00023 ;           delay 
                      00024 
00001A 0E14           00025 delay           movlw   D'20'
00001C 6E01           00026                         movwf   loop_cnt1,A
00001E 0EFA           00027 again1          movlw   D'250'
000020 6E00           00028                         movwf   loop_cnt,A
                      00029 again           dup_nop D'17'
  0000                    M                         variable i
  00000000                M i=0
                          M                         while i < D'17'
000022 0000               M                         nop
  00000001                M i+=1
000024 0000               M                         nop
  00000002                M i+=1
000026 0000               M                         nop
  00000003                M i+=1
000028 0000               M                         nop
  00000004                M i+=1
00002A 0000               M                         nop
  00000005                M i+=1
00002C 0000               M                         nop
  00000006                M i+=1
MPASM  5.51                    MIDPROJECT.ASM   11-27-2020  23:25:33         PAGE  2


LOC  OBJECT CODE     LINE SOURCE TEXT
  VALUE

00002E 0000               M                         nop
  00000007                M i+=1
000030 0000               M                         nop
  00000008                M i+=1
000032 0000               M                         nop
  00000009                M i+=1
000034 0000               M                         nop
  0000000A                M i+=1
000036 0000               M                         nop
  0000000B                M i+=1
000038 0000               M                         nop
  0000000C                M i+=1
00003A 0000               M                         nop
  0000000D                M i+=1
00003C 0000               M                         nop
  0000000E                M i+=1
00003E 0000               M                         nop
  0000000F                M i+=1
000040 0000               M                         nop
  00000010                M i+=1
000042 0000               M                         nop
  00000011                M i+=1
                          M                         endw
000044 2E00           00030                         decfsz  loop_cnt,F,A
000046 D7ED           00031                         bra             again
000048 2E01           00032                         decfsz  loop_cnt1,F,A
00004A D7E9           00033                         bra             again1
00004C 0012           00034                         return
                      00035 
                      00036 
                      00037 
                      00038 ;****************************************************************
                      00039 ;           keypad configuration subroutine
                      00040 
00004E 8881           00041 keyA            bsf             PORTB,4,A
000050 9A81           00042                         bcf             PORTB,5,A
000052 9C81           00043                         bcf             PORTB,6,A
000054 9E81           00044                         bcf             PORTB,7,A
000056 0012           00045                         return
000058 9881           00046 keyB            bcf             PORTB,4,A
00005A 8A81           00047                         bsf             PORTB,5,A
00005C 9C81           00048                         bcf             PORTB,6,A
00005E 9E81           00049                         bcf             PORTB,7,A
000060 0012           00050                         return
000062 9881           00051 keyC            bcf             PORTB,4,A
000064 9A81           00052                         bcf             PORTB,5,A
000066 8C81           00053                         bsf             PORTB,6,A
000068 9E81           00054                         bcf             PORTB,7,A
00006A 0012           00055                         return
00006C 9881           00056 keyD            bcf             PORTB,4,A
00006E 9A81           00057                         bcf             PORTB,5,A
000070 9C81           00058                         bcf             PORTB,6,A
000072 8E81           00059                         bsf             PORTB,7,A
MPASM  5.51                    MIDPROJECT.ASM   11-27-2020  23:25:33         PAGE  3


LOC  OBJECT CODE     LINE SOURCE TEXT
  VALUE

000074 0012           00060                         return
                      00061 
                      00062 ;****************************************************************
                      00063 ;           keypad  subroutine
                      00064 
000076 0E0E           00065 KEYPAD          movlw   B'00001110'
000078 6E93           00066                         movwf   TRISB,A
00007A EC27 F000      00067 NUM1            call    keyA
00007E A281           00068                         btfss   PORTB,1,A
000080 D002           00069                         bra             NUM2
000082 ECF1 F000      00070                         call    show1   
000086 EC27 F000      00071 NUM2            call    keyA
00008A A481           00072                         btfss   PORTB,2,A
00008C D002           00073                         bra             NUM3
00008E ECF8 F000      00074                         call    show2
000092 EC27 F000      00075 NUM3            call    keyA
000096 A681           00076                         btfss   PORTB,3,A
000098 D002           00077                         bra             NUM4
00009A ECFF F000      00078                         call    show3
00009E EC2C F000      00079 NUM4            call    keyB
0000A2 A281           00080                         btfss   PORTB,1,A
0000A4 D002           00081                         bra             NUM5
0000A6 EC06 F001      00082                         call    show4   
0000AA EC2C F000      00083 NUM5            call    keyB
0000AE A481           00084                         btfss   PORTB,2,A
0000B0 D002           00085                         bra             NUM6
0000B2 EC0D F001      00086                         call    show5
0000B6 EC2C F000      00087 NUM6            call    keyB
0000BA A681           00088                         btfss   PORTB,3,A
0000BC D002           00089                         bra             NUM7
0000BE EC14 F001      00090                         call    show6
0000C2 EC31 F000      00091 NUM7            call    keyC
0000C6 A281           00092                         btfss   PORTB,1,A
0000C8 D002           00093                         bra             NUM8
0000CA EC1B F001      00094                         call    show7   
0000CE EC31 F000      00095 NUM8            call    keyC
0000D2 A481           00096                         btfss   PORTB,2,A
0000D4 D002           00097                         bra             NUM9
0000D6 EC22 F001      00098                         call    show8
0000DA EC31 F000      00099 NUM9            call    keyC
0000DE A681           00100                         btfss   PORTB,3,A
0000E0 D002           00101                         bra             STAR
0000E2 EC29 F001      00102                         call    show9
0000E6 EC36 F000      00103 STAR            call    keyD
0000EA A281           00104                         btfss   PORTB,1,A
0000EC D002           00105                         bra             NUM0
0000EE EC37 F001      00106                         call    showstar        
0000F2 EC36 F000      00107 NUM0            call    keyD
0000F6 A481           00108                         btfss   PORTB,2,A
0000F8 D002           00109                         bra             HASHTAG
0000FA EC30 F001      00110                         call    show0
0000FE EC36 F000      00111 HASHTAG         call    keyD
000102 A681           00112                         btfss   PORTB,3,A
MPASM  5.51                    MIDPROJECT.ASM   11-27-2020  23:25:33         PAGE  4


LOC  OBJECT CODE     LINE SOURCE TEXT
  VALUE

000104 D7BA           00113                         bra             NUM1
000106 EC3E F001      00114                         call    show#
00010A 0012           00115                         return
                      00116                         
                      00117 ;****************************************************************
                      00118 ;            command subroutine
                      00119 
00010C 9882           00120 writecmd        bcf             PORTC,4,A
00010E 9A82           00121                         bcf             PORTC,5,A
000110 8C82           00122                         bsf             PORTC,6,A
000112 EC0D F000      00123                         call    delay
000116 9C82           00124                         bcf             PORTC,6,A
000118 0012           00125                         return
                      00126 
                      00127 ;****************************************************************
                      00128 ;           send data command subroutine
                      00129 
00011A 8882           00130 sendDATA        bsf             PORTC,4,A
00011C 9A82           00131                         bcf             PORTC,5,A
00011E 8C82           00132                         bsf             PORTC,6,A
000120 EC0D F000      00133                         call    delay
000124 9C82           00134                         bcf             PORTC,6,A
000126 0012           00135                         return
                      00136 
                      00137 ;****************************************************************
                      00138 ;           configure LCD line 
                      00139 
000128 ECA2 F000      00140 line1           call    lcd
00012C 0E80           00141                         movlw   0x80
00012E 6E83           00142                         movwf   PORTD,A
000130 EC8D F000      00143                         call    sendDATA
000134 0012           00144                         return
                      00145 
000136 ECA2 F000      00146 line2           call    lcd
00013A 0EC0           00147                         movlw   0xC0
00013C 6E83           00148                         movwf   PORTD,A
00013E EC8D F000      00149                         call    sendDATA
000142 0012           00150                         return
                      00151 
                      00152 ;****************************************************************
                      00153 ;           configure LCD 
                      00154 
000144 0E06           00155 lcd                     movlw   B'00000110'
000146 6E94           00156                         movwf   TRISC,A
000148 6A95           00157                         clrf    TRISD,A
00014A 0E38           00158 matrix          movlw   0x38
00014C 6E83           00159                         movwf   PORTD,A
00014E EC86 F000      00160                         call    writecmd
000152 0E0E           00161 cursor          movlw   0x0E
000154 6E83           00162                         movwf   PORTD,A
000156 EC86 F000      00163                         call    writecmd
00015A 0E01           00164 clrdisplay      movlw   0x01
00015C 6E83           00165                         movwf   PORTD,A
MPASM  5.51                    MIDPROJECT.ASM   11-27-2020  23:25:33         PAGE  5


LOC  OBJECT CODE     LINE SOURCE TEXT
  VALUE

00015E EC86 F000      00166                         call    writecmd
000162 0012           00167                         return
                      00168 
                      00169 
                      00170 
                      00171 ;****************************************************************
                      00172 ;           display MYNAME subroutine
                      00173 
000164 EC94 F000      00174 MYNAME  call    line1
000168 0E46           00175                 movlw   D'70'
00016A 6E83           00176                 movwf   PORTD,A         ;F
00016C EC8D F000      00177                 call    sendDATA
000170 0012           00178                 return
                      00179 
000172 0E41           00180                 movlw   D'65'
000174 6E83           00181                 movwf   PORTD,A         ;A
000176 EC8D F000      00182                 call    sendDATA
00017A 0012           00183                 return
                      00184 
00017C 0E52           00185                 movlw   D'82'
00017E 6E83           00186                 movwf   PORTD,A         ;R
000180 EC8D F000      00187                 call    sendDATA
000184 0012           00188                 return
                      00189 
000186 0E49           00190                 movlw   D'73'
000188 6E83           00191                 movwf   PORTD,A         ;I
00018A EC8D F000      00192                 call    sendDATA
00018E 0012           00193                 return
                      00194 
000190 0E5A           00195                 movlw   D'90'
000192 6E83           00196                 movwf   PORTD,A         ;Z
000194 EC8D F000      00197                 call    sendDATA
000198 0012           00198                 return
                      00199 
                      00200 ;****************************************************************
                      00201 ;           display studentID subroutine
                      00202 
00019A EC94 F000      00203 MYid    call    line1
                      00204 
00019E 0E44           00205                 movlw   D'68'
0001A0 6E83           00206                 movwf   PORTD,A ;D
0001A2 EC8D F000      00207                 call    sendDATA
0001A6 0012           00208                 return
                      00209 
0001A8 0E45           00210                 movlw   D'69'
0001AA 6E83           00211                 movwf   PORTD,A ;E
0001AC EC8D F000      00212                 call    sendDATA
0001B0 0012           00213                 return
                      00214 
0001B2 0E39           00215                 movlw   D'57'
0001B4 6E83           00216                 movwf   PORTD,A ;9
0001B6 EC8D F000      00217                 call    sendDATA
0001BA 0012           00218                 return
MPASM  5.51                    MIDPROJECT.ASM   11-27-2020  23:25:33         PAGE  6


LOC  OBJECT CODE     LINE SOURCE TEXT
  VALUE

                      00219 
0001BC 0E37           00220                 movlw   D'55'
0001BE 6E83           00221                 movwf   PORTD,A ;7
0001C0 EC8D F000      00222                 call    sendDATA
0001C4 0012           00223                 return
                      00224 
0001C6 0E33           00225                 movlw   D'51'
0001C8 6E83           00226                 movwf   PORTD,A ;3
0001CA EC8D F000      00227                 call    sendDATA
0001CE 0012           00228                 return
                      00229 
0001D0 0E35           00230                 movlw   D'53'
0001D2 6E83           00231                 movwf   PORTD,A ;5
0001D4 EC8D F000      00232                 call    sendDATA
0001D8 0012           00233                 return
                      00234 
0001DA 0E30           00235                 movlw   D'48'
0001DC 6E83           00236                 movwf   PORTD,A ;0
0001DE EC8D F000      00237                 call    sendDATA
                      00238 ;****************************************************************
                      00239 ;           display keypad subroutine
                      00240 
0001E2 EC9B F000      00241 show1           call    line2
0001E6 0E31           00242                         movlw   D'49'   
0001E8 6E83           00243                         movwf   PORTD,A
0001EA EC8D F000      00244                         call    sendDATA
0001EE 0012           00245                         return  
0001F0 EC9B F000      00246 show2           call    line2
0001F4 0E32           00247                         movlw   D'50'   
0001F6 6E83           00248                         movwf   PORTD,A
0001F8 EC8D F000      00249                         call    sendDATA
0001FC 0012           00250                         return
0001FE EC9B F000      00251 show3           call    line2
000202 0E33           00252                         movlw   D'51'   
000204 6E83           00253                         movwf   PORTD,A
000206 EC8D F000      00254                         call    sendDATA
00020A 0012           00255                         return  
00020C EC9B F000      00256 show4           call    line2
000210 0E34           00257                         movlw   D'52'   
000212 6E83           00258                         movwf   PORTD,A
000214 EC8D F000      00259                         call    sendDATA
000218 0012           00260                         return
00021A EC9B F000      00261 show5           call    line2
00021E 0E35           00262                         movlw   D'53'   
000220 6E83           00263                         movwf   PORTD,A
000222 EC8D F000      00264                         call    sendDATA
000226 0012           00265                         return  
000228 EC9B F000      00266 show6           call    line2
00022C 0E36           00267                         movlw   D'54'   
00022E 6E83           00268                         movwf   PORTD,A
000230 EC8D F000      00269                         call    sendDATA
000234 0012           00270                         return
000236 EC9B F000      00271 show7           call    line2
MPASM  5.51                    MIDPROJECT.ASM   11-27-2020  23:25:33         PAGE  7


LOC  OBJECT CODE     LINE SOURCE TEXT
  VALUE

00023A 0E37           00272                         movlw   D'55'   
00023C 6E83           00273                         movwf   PORTD,A
00023E EC8D F000      00274                         call    sendDATA
000242 0012           00275                         return  
000244 EC9B F000      00276 show8           call    line2
000248 0E38           00277                         movlw   D'56'   
00024A 6E83           00278                         movwf   PORTD,A
00024C EC8D F000      00279                         call    sendDATA
000250 0012           00280                         return
000252 EC9B F000      00281 show9           call    line2
000256 0E39           00282                         movlw   D'57'   
000258 6E83           00283                         movwf   PORTD,A
00025A EC8D F000      00284                         call    sendDATA
00025E 0012           00285                         return  
000260 EC9B F000      00286 show0           call    line2
000264 0E30           00287                         movlw   D'48'   
000266 6E83           00288                         movwf   PORTD,A
000268 EC8D F000      00289                         call    sendDATA
00026C 0012           00290                         return
00026E EC9B F000      00291 showstar        call    line2
000272 0E2A           00292                         movlw   D'42'   
000274 6E83           00293                         movwf   PORTD,A
000276 EC8D F000      00294                         call    sendDATA
00027A 0012           00295                         return  
00027C EC9B F000      00296 show#           call    line2
000280 0E23           00297                         movlw   D'35'   
000282 6E83           00298                         movwf   PORTD,A
000284 EC8D F000      00299                         call    sendDATA
000288 0012           00300                         return
                      00301 
                      00302 ;****************************************************************
                      00303 ;           main program
                      00304 
00028A ECA2 F000      00305 start           call    lcd
00028E 0E06           00306                         movlw   B'00000110'
000290 6E94           00307                         movwf   TRISC,A
000292 A082           00308 check1          BTFSS   PORTC,0,A
000294 D002           00309                         bra             check2
000296 ECB2 F000      00310                         call    MYNAME
00029A A282           00311 check2          BTFSS   PORTC,1,A
00029C D7FA           00312                         bra             check1
00029E ECCD F000      00313                         call    MYid
0002A2 EC3B F000      00314 check3          call    KEYPAD
0002A6 D7F5           00315                         bra             check1
                      00316 
                      00317 
                      00318                         end
MPASM  5.51                    MIDPROJECT.ASM   11-27-2020  23:25:33         PAGE  8


SYMBOL TABLE
  LABEL                             VALUE 

A                                 00000000
ABDEN                             00000000
ABDOVF                            00000007
ACCESS                            00000000
ACKDT                             00000005
ACKEN                             00000004
ACKSTAT                           00000006
ACQT0                             00000003
ACQT1                             00000004
ACQT2                             00000005
ACTVIE                            00000002
ACTVIF                            00000002
ADCON0                            00000FC2
ADCON1                            00000FC1
ADCON2                            00000FC0
ADCS0                             00000000
ADCS1                             00000001
ADCS2                             00000002
ADDEN                             00000003
ADDR0                             00000000
ADDR1                             00000001
ADDR2                             00000002
ADDR3                             00000003
ADDR4                             00000004
ADDR5                             00000005
ADDR6                             00000006
ADEN                              00000003
ADFM                              00000007
ADIE                              00000006
ADIF                              00000006
ADIP                              00000006
ADON                              00000000
ADRES                             00000FC3
ADRESH                            00000FC4
ADRESL                            00000FC3
AN0                               00000000
AN1                               00000001
AN2                               00000002
AN3                               00000003
AN4                               00000005
BANKED                            00000001
BAUDCON                           00000FB8
BAUDCTL                           00000FB8
BCLIE                             00000003
BCLIF                             00000003
BCLIP                             00000003
BF                                00000000
BGST                              00000005
BOR                               00000000
BRG16                             00000003
BRGH                              00000002
BSR                               00000FE0
BTOEE                             00000004
MPASM  5.51                    MIDPROJECT.ASM   11-27-2020  23:25:33         PAGE  9


SYMBOL TABLE
  LABEL                             VALUE 

BTOEF                             00000004
BTSEE                             00000007
BTSEF                             00000007
C                                 00000000
C1INV                             00000004
C1OUT                             00000006
C2INV                             00000005
C2OUT                             00000007
CCP1                              00000002
CCP1AS                            00000FB6
CCP1CON                           00000FBD
CCP1DEL                           00000FB7
CCP1IE                            00000002
CCP1IF                            00000002
CCP1IP                            00000002
CCP1M0                            00000000
CCP1M1                            00000001
CCP1M2                            00000002
CCP1M3                            00000003
CCP2CON                           00000FBA
CCP2IE                            00000000
CCP2IF                            00000000
CCP2IP                            00000000
CCP2M0                            00000000
CCP2M1                            00000001
CCP2M2                            00000002
CCP2M3                            00000003
CCPR1                             00000FBE
CCPR1H                            00000FBF
CCPR1L                            00000FBE
CCPR2                             00000FBB
CCPR2H                            00000FBC
CCPR2L                            00000FBB
CFGS                              00000006
CHS0                              00000002
CHS1                              00000003
CHS2                              00000004
CHS3                              00000005
CIS                               00000003
CK                                00000006
CK1SPP                            00000000
CK2SPP                            00000001
CKE                               00000006
CKP                               00000004
CLK1EN                            00000004
CLKCFG0                           00000006
CLKCFG1                           00000007
CM0                               00000000
CM1                               00000001
CM2                               00000002
CMCON                             00000FB4
CMIE                              00000006
CMIF                              00000006
MPASM  5.51                    MIDPROJECT.ASM   11-27-2020  23:25:33         PAGE 10


SYMBOL TABLE
  LABEL                             VALUE 

CMIP                              00000006
CRC16EE                           00000002
CRC16EF                           00000002
CRC5EE                            00000001
CRC5EF                            00000001
CREN                              00000004
CSEN                              00000005
CSRC                              00000007
CVR0                              00000000
CVR1                              00000001
CVR2                              00000002
CVR3                              00000003
CVRCON                            00000FB5
CVREF                             00000004
CVREN                             00000007
CVROE                             00000006
CVRR                              00000005
CVRSS                             00000004
D                                 00000005
DATA_ADDRESS                      00000005
DC                                00000001
DC1B0                             00000004
DC1B1                             00000005
DC2B0                             00000004
DC2B1                             00000005
DDRA                              TRISA
DDRB                              TRISB
DDRC                              TRISC
DDRD                              TRISD
DDRE                              TRISE
DFN8EE                            00000003
DFN8EF                            00000003
DIR                               00000002
DONE                              00000001
D_A                               00000005
D_NOT_A                           00000005
ECCP1AS                           00000FB6
ECCP1CON                          00000FBD
ECCP1DEL                          00000FB7
ECCPAS0                           00000004
ECCPAS1                           00000005
ECCPAS2                           00000006
ECCPASE                           00000007
EEADR                             00000FA9
EECON1                            00000FA6
EECON2                            00000FA7
EEDATA                            00000FA8
EEIE                              00000004
EEIF                              00000004
EEIP                              00000004
EEPGD                             00000007
ENDP0                             00000003
ENDP1                             00000004
MPASM  5.51                    MIDPROJECT.ASM   11-27-2020  23:25:33         PAGE 11


SYMBOL TABLE
  LABEL                             VALUE 

ENDP2                             00000005
ENDP3                             00000006
EPCONDIS                          00000003
EPHSHK                            00000004
EPINEN                            00000001
EPOUTEN                           00000002
EPSTALL                           00000000
FAST                              00000001
FERR                              00000002
FLTS                              00000002
FREE                              00000004
FRM0                              00000000
FRM1                              00000001
FRM10                             00000002
FRM2                              00000002
FRM3                              00000003
FRM4                              00000004
FRM5                              00000005
FRM6                              00000006
FRM7                              00000007
FRM8                              00000000
FRM9                              00000001
FSEN                              00000002
FSR0                              00000000
FSR0H                             00000FEA
FSR0L                             00000FE9
FSR1                              00000001
FSR1H                             00000FE2
FSR1L                             00000FE1
FSR2                              00000002
FSR2H                             00000FDA
FSR2L                             00000FD9
GCEN                              00000007
GIE                               00000007
GIEH                              00000007
GIEL                              00000006
GIE_GIEH                          00000007
GO                                00000001
GO_DONE                           00000001
GO_NOT_DONE                       00000001
HASHTAG                           000000FE
HLVDCON                           00000FD2
HLVDEN                            00000004
HLVDIE                            00000002
HLVDIF                            00000002
HLVDIN                            00000005
HLVDIP                            00000002
HLVDL0                            00000000
HLVDL1                            00000001
HLVDL2                            00000002
HLVDL3                            00000003
I2C_DAT                           00000005
I2C_READ                          00000002
MPASM  5.51                    MIDPROJECT.ASM   11-27-2020  23:25:33         PAGE 12


SYMBOL TABLE
  LABEL                             VALUE 

I2C_START                         00000003
I2C_STOP                          00000004
IDLEIE                            00000004
IDLEIF                            00000004
IDLEN                             00000007
INDF0                             00000FEF
INDF1                             00000FE7
INDF2                             00000FDF
INT0                              00000000
INT0E                             00000004
INT0F                             00000001
INT0IE                            00000004
INT0IF                            00000001
INT1                              00000001
INT1E                             00000003
INT1F                             00000000
INT1IE                            00000003
INT1IF                            00000000
INT1IP                            00000006
INT1P                             00000006
INT2                              00000002
INT2E                             00000004
INT2F                             00000001
INT2IE                            00000004
INT2IF                            00000001
INT2IP                            00000007
INT2P                             00000007
INTCON                            00000FF2
INTCON2                           00000FF1
INTCON3                           00000FF0
INTEDG0                           00000006
INTEDG1                           00000005
INTEDG2                           00000004
INTSRC                            00000007
IOFS                              00000002
IPEN                              00000007
IPR1                              00000F9F
IPR2                              00000FA2
IRCF0                             00000004
IRCF1                             00000005
IRCF2                             00000006
IRVST                             00000005
IVRST                             00000005
KEYPAD                            00000076
LATA                              00000F89
LATA0                             00000000
LATA1                             00000001
LATA2                             00000002
LATA3                             00000003
LATA4                             00000004
LATA5                             00000005
LATA6                             00000006
LATB                              00000F8A
MPASM  5.51                    MIDPROJECT.ASM   11-27-2020  23:25:33         PAGE 13


SYMBOL TABLE
  LABEL                             VALUE 

LATB0                             00000000
LATB1                             00000001
LATB2                             00000002
LATB3                             00000003
LATB4                             00000004
LATB5                             00000005
LATB6                             00000006
LATB7                             00000007
LATC                              00000F8B
LATC0                             00000000
LATC1                             00000001
LATC2                             00000002
LATC6                             00000006
LATC7                             00000007
LATD                              00000F8C
LATD0                             00000000
LATD1                             00000001
LATD2                             00000002
LATD3                             00000003
LATD4                             00000004
LATD5                             00000005
LATD6                             00000006
LATD7                             00000007
LATE                              00000F8D
LATE0                             00000000
LATE1                             00000001
LATE2                             00000002
LVDCON                            00000FD2
LVDEN                             00000004
LVDIE                             00000002
LVDIF                             00000002
LVDIN                             00000005
LVDIP                             00000002
LVDL0                             00000000
LVDL1                             00000001
LVDL2                             00000002
LVDL3                             00000003
LVV0                              00000000
LVV1                              00000001
LVV2                              00000002
LVV3                              00000003
MYNAME                            00000164
MYid                              0000019A
N                                 00000004
NOT_A                             00000005
NOT_ADDRESS                       00000005
NOT_BOR                           00000000
NOT_DONE                          00000001
NOT_IPEN                          00000007
NOT_PD                            00000002
NOT_POR                           00000001
NOT_RBPU                          00000007
NOT_RI                            00000004
MPASM  5.51                    MIDPROJECT.ASM   11-27-2020  23:25:33         PAGE 14


SYMBOL TABLE
  LABEL                             VALUE 

NOT_T1SYNC                        00000002
NOT_T3SYNC                        00000002
NOT_TO                            00000003
NOT_W                             00000002
NOT_WRITE                         00000002
NUM0                              000000F2
NUM1                              0000007A
NUM2                              00000086
NUM3                              00000092
NUM4                              0000009E
NUM5                              000000AA
NUM6                              000000B6
NUM7                              000000C2
NUM8                              000000CE
NUM9                              000000DA
OERR                              00000001
OESPP                             00000002
OSC2                              00000006
OSCCON                            00000FD3
OSCFIE                            00000007
OSCFIF                            00000007
OSCFIP                            00000007
OSCTUNE                           00000F9B
OSTS                              00000003
OV                                00000003
P                                 00000004
P1A                               00000002
P1M0                              00000006
P1M1                              00000007
PC                                00000FF9
PCFG0                             00000000
PCFG1                             00000001
PCFG2                             00000002
PCFG3                             00000003
PCL                               00000FF9
PCLATH                            00000FFA
PCLATU                            00000FFB
PD                                00000002
PDC0                              00000000
PDC1                              00000001
PDC2                              00000002
PDC3                              00000003
PDC4                              00000004
PDC5                              00000005
PDC6                              00000006
PEIE                              00000006
PEIE_GIEL                         00000006
PEN                               00000002
PGC                               00000006
PGD                               00000007
PGM                               00000005
PIDEE                             00000000
PIDEF                             00000000
MPASM  5.51                    MIDPROJECT.ASM   11-27-2020  23:25:33         PAGE 15


SYMBOL TABLE
  LABEL                             VALUE 

PIE1                              00000F9D
PIE2                              00000FA0
PIR1                              00000F9E
PIR2                              00000FA1
PKTDIS                            00000004
PLUSW0                            00000FEB
PLUSW1                            00000FE3
PLUSW2                            00000FDB
POR                               00000001
PORTA                             00000F80
PORTB                             00000F81
PORTC                             00000F82
PORTD                             00000F83
PORTE                             00000F84
POSTDEC0                          00000FED
POSTDEC1                          00000FE5
POSTDEC2                          00000FDD
POSTINC0                          00000FEE
POSTINC1                          00000FE6
POSTINC2                          00000FDE
PPB0                              00000000
PPB1                              00000001
PPBI                              00000001
PPBRST                            00000006
PR2                               00000FCB
PREINC0                           00000FEC
PREINC1                           00000FE4
PREINC2                           00000FDC
PROD                              00000FF3
PRODH                             00000FF4
PRODL                             00000FF3
PRSEN                             00000007
PSA                               00000003
PSSAC0                            00000002
PSSAC1                            00000003
PSSBD0                            00000000
PSSBD1                            00000001
R                                 00000002
RA0                               00000000
RA1                               00000001
RA2                               00000002
RA3                               00000003
RA4                               00000004
RA5                               00000005
RA6                               00000006
RB0                               00000000
RB1                               00000001
RB2                               00000002
RB3                               00000003
RB4                               00000004
RB5                               00000005
RB6                               00000006
RB7                               00000007
MPASM  5.51                    MIDPROJECT.ASM   11-27-2020  23:25:33         PAGE 16


SYMBOL TABLE
  LABEL                             VALUE 

RBIE                              00000003
RBIF                              00000000
RBIP                              00000000
RBPU                              00000007
RC0                               00000000
RC1                               00000001
RC2                               00000002
RC4                               00000004
RC5                               00000005
RC6                               00000006
RC7                               00000007
RCEN                              00000003
RCIDL                             00000006
RCIE                              00000005
RCIF                              00000005
RCIP                              00000005
RCMT                              00000006
RCON                              00000FD0
RCREG                             00000FAE
RCSTA                             00000FAB
RD                                00000000
RD0                               00000000
RD1                               00000001
RD16                              00000007
RD2                               00000002
RD3                               00000003
RD4                               00000004
RD5                               00000005
RD6                               00000006
RD7                               00000007
RDPU                              00000007
RDSPP                             00000007
RE0                               00000000
RE1                               00000001
RE2                               00000002
RE3                               00000003
READ_WRITE                        00000002
RESUME                            00000002
RI                                00000004
RSEN                              00000001
RX                                00000007
RX9                               00000006
RX9D                              00000000
RXDTP                             00000005
R_NOT_W                           00000002
R_W                               00000002
S                                 00000003
SBOREN                            00000006
SCKP                              00000004
SCS0                              00000000
SCS1                              00000001
SE0                               00000005
SEN                               00000000
MPASM  5.51                    MIDPROJECT.ASM   11-27-2020  23:25:33         PAGE 17


SYMBOL TABLE
  LABEL                             VALUE 

SENDB                             00000003
SMP                               00000007
SOFIE                             00000006
SOFIF                             00000006
SPBRG                             00000FAF
SPBRGH                            00000FB0
SPEN                              00000007
SPP0                              00000000
SPP1                              00000001
SPP2                              00000002
SPP3                              00000003
SPP4                              00000004
SPP5                              00000005
SPP6                              00000006
SPP7                              00000007
SPPBUSY                           00000004
SPPCFG                            00000F63
SPPCON                            00000F65
SPPDATA                           00000F62
SPPEN                             00000000
SPPEPS                            00000F64
SPPIE                             00000007
SPPIF                             00000007
SPPIP                             00000007
SPPOWN                            00000001
SREN                              00000005
SSPADD                            00000FC8
SSPBUF                            00000FC9
SSPCON1                           00000FC6
SSPCON2                           00000FC5
SSPEN                             00000005
SSPIE                             00000003
SSPIF                             00000003
SSPIP                             00000003
SSPM0                             00000000
SSPM1                             00000001
SSPM2                             00000002
SSPM3                             00000003
SSPOV                             00000006
SSPSTAT                           00000FC7
STALLIE                           00000005
STALLIF                           00000005
STAR                              000000E6
STATUS                            00000FD8
STKFUL                            00000007
STKOVF                            00000007
STKPTR                            00000FFC
STKPTR0                           00000000
STKPTR1                           00000001
STKPTR2                           00000002
STKPTR3                           00000003
STKPTR4                           00000004
STKUNF                            00000006
MPASM  5.51                    MIDPROJECT.ASM   11-27-2020  23:25:33         PAGE 18


SYMBOL TABLE
  LABEL                             VALUE 

SUSPND                            00000001
SWDTE                             00000000
SWDTEN                            00000000
SYNC                              00000004
T08BIT                            00000006
T0CKI                             00000004
T0CON                             00000FD5
T0CS                              00000005
T0IE                              00000005
T0IF                              00000002
T0IP                              00000002
T0PS0                             00000000
T0PS1                             00000001
T0PS2                             00000002
T0SE                              00000004
T13CKI                            00000000
T1CKPS0                           00000004
T1CKPS1                           00000005
T1CON                             00000FCD
T1OSCEN                           00000003
T1OSI                             00000001
T1OSO                             00000000
T1RUN                             00000006
T1SYNC                            00000002
T2CKPS0                           00000000
T2CKPS1                           00000001
T2CON                             00000FCA
T2OUTPS0                          00000003
T2OUTPS1                          00000004
T2OUTPS2                          00000005
T2OUTPS3                          00000006
T3CCP1                            00000003
T3CCP2                            00000006
T3CKPS0                           00000004
T3CKPS1                           00000005
T3CON                             00000FB1
T3NSYNC                           00000002
T3SYNC                            00000002
TABLAT                            00000FF5
TBLPTR                            00000FF6
TBLPTRH                           00000FF7
TBLPTRL                           00000FF6
TBLPTRU                           00000FF8
TMR0                              00000FD6
TMR0H                             00000FD7
TMR0IE                            00000005
TMR0IF                            00000002
TMR0IP                            00000002
TMR0L                             00000FD6
TMR0ON                            00000007
TMR1                              00000FCE
TMR1CS                            00000001
TMR1H                             00000FCF
MPASM  5.51                    MIDPROJECT.ASM   11-27-2020  23:25:33         PAGE 19


SYMBOL TABLE
  LABEL                             VALUE 

TMR1IE                            00000000
TMR1IF                            00000000
TMR1IP                            00000000
TMR1L                             00000FCE
TMR1ON                            00000000
TMR2                              00000FCC
TMR2IE                            00000001
TMR2IF                            00000001
TMR2IP                            00000001
TMR2ON                            00000002
TMR3                              00000FB2
TMR3CS                            00000001
TMR3H                             00000FB3
TMR3IE                            00000001
TMR3IF                            00000001
TMR3IP                            00000001
TMR3L                             00000FB2
TMR3ON                            00000000
TO                                00000003
TOS                               00000FFD
TOSH                              00000FFE
TOSL                              00000FFD
TOSU                              00000FFF
TOUTPS0                           00000003
TOUTPS1                           00000004
TOUTPS2                           00000005
TOUTPS3                           00000006
TRISA                             00000F92
TRISA0                            00000000
TRISA1                            00000001
TRISA2                            00000002
TRISA3                            00000003
TRISA4                            00000004
TRISA5                            00000005
TRISA6                            00000006
TRISB                             00000F93
TRISB0                            00000000
TRISB1                            00000001
TRISB2                            00000002
TRISB3                            00000003
TRISB4                            00000004
TRISB5                            00000005
TRISB6                            00000006
TRISB7                            00000007
TRISC                             00000F94
TRISC0                            00000000
TRISC1                            00000001
TRISC2                            00000002
TRISC6                            00000006
TRISC7                            00000007
TRISD                             00000F95
TRISD0                            00000000
TRISD1                            00000001
MPASM  5.51                    MIDPROJECT.ASM   11-27-2020  23:25:33         PAGE 20


SYMBOL TABLE
  LABEL                             VALUE 

TRISD2                            00000002
TRISD3                            00000003
TRISD4                            00000004
TRISD5                            00000005
TRISD6                            00000006
TRISD7                            00000007
TRISE                             00000F96
TRISE0                            00000000
TRISE1                            00000001
TRISE2                            00000002
TRMT                              00000001
TRNIE                             00000003
TRNIF                             00000003
TUN0                              00000000
TUN1                              00000001
TUN2                              00000002
TUN3                              00000003
TUN4                              00000004
TX                                00000006
TX9                               00000006
TX9D                              00000000
TXCKP                             00000004
TXEN                              00000005
TXIE                              00000004
TXIF                              00000004
TXIP                              00000004
TXREG                             00000FAD
TXSTA                             00000FAC
UA                                00000001
UADDR                             00000F6E
UCFG                              00000F6F
UCON                              00000F6D
UEIE                              00000F6B
UEIR                              00000F6A
UEP0                              00000F70
UEP1                              00000F71
UEP10                             00000F7A
UEP11                             00000F7B
UEP12                             00000F7C
UEP13                             00000F7D
UEP14                             00000F7E
UEP15                             00000F7F
UEP2                              00000F72
UEP3                              00000F73
UEP4                              00000F74
UEP5                              00000F75
UEP6                              00000F76
UEP7                              00000F77
UEP8                              00000F78
UEP9                              00000F79
UERRIE                            00000001
UERRIF                            00000001
UFRM                              00000F66
MPASM  5.51                    MIDPROJECT.ASM   11-27-2020  23:25:33         PAGE 21


SYMBOL TABLE
  LABEL                             VALUE 

UFRMH                             00000F67
UFRML                             00000F66
UIE                               00000F69
UIR                               00000F68
UOEMON                            00000006
UPUEN                             00000004
URSTIE                            00000000
URSTIF                            00000000
USBEN                             00000003
USBIE                             00000005
USBIF                             00000005
USBIP                             00000005
USTAT                             00000F6C
UTEYE                             00000007
UTRDIS                            00000003
VCFG0                             00000004
VCFG1                             00000005
VDIRMAG                           00000007
VREFM                             00000002
VREFP                             00000003
W                                 00000000
WCOL                              00000007
WDTCON                            00000FD1
WR                                00000001
WREG                              00000FE8
WREN                              00000002
WRERR                             00000003
WRSPP                             00000006
WS0                               00000000
WS1                               00000001
WS2                               00000002
WS3                               00000003
WUE                               00000001
Z                                 00000002
_BORV_0_2L                        000000E7
_BORV_1_2L                        000000EF
_BORV_2_2L                        000000F7
_BORV_3_2L                        000000FF
_BOR_OFF_2L                       000000F9
_BOR_ON_2L                        000000FF
_BOR_ON_ACTIVE_2L                 000000FD
_BOR_SOFT_2L                      000000FB
_CCP2MX_OFF_3H                    000000FE
_CCP2MX_ON_3H                     000000FF
_CONFIG1H                         00300001
_CONFIG1L                         00300000
_CONFIG2H                         00300003
_CONFIG2L                         00300002
_CONFIG3H                         00300005
_CONFIG4L                         00300006
_CONFIG5H                         00300009
_CONFIG5L                         00300008
_CONFIG6H                         0030000B
MPASM  5.51                    MIDPROJECT.ASM   11-27-2020  23:25:33         PAGE 22


SYMBOL TABLE
  LABEL                             VALUE 

_CONFIG6L                         0030000A
_CONFIG7H                         0030000D
_CONFIG7L                         0030000C
_CP0_OFF_5L                       000000FF
_CP0_ON_5L                        000000FE
_CP1_OFF_5L                       000000FF
_CP1_ON_5L                        000000FD
_CP2_OFF_5L                       000000FF
_CP2_ON_5L                        000000FB
_CP3_OFF_5L                       000000FF
_CP3_ON_5L                        000000F7
_CPB_OFF_5H                       000000FF
_CPB_ON_5H                        000000BF
_CPD_OFF_5H                       000000FF
_CPD_ON_5H                        0000007F
_CPUDIV_OSC1_PLL2_1L              000000E7
_CPUDIV_OSC2_PLL3_1L              000000EF
_CPUDIV_OSC3_PLL4_1L              000000F7
_CPUDIV_OSC4_PLL6_1L              000000FF
_DEBUG_OFF_4L                     000000FF
_DEBUG_ON_4L                      0000007F
_DEVID1                           003FFFFE
_DEVID2                           003FFFFF
_EBTR0_OFF_7L                     000000FF
_EBTR0_ON_7L                      000000FE
_EBTR1_OFF_7L                     000000FF
_EBTR1_ON_7L                      000000FD
_EBTR2_OFF_7L                     000000FF
_EBTR2_ON_7L                      000000FB
_EBTR3_OFF_7L                     000000FF
_EBTR3_ON_7L                      000000F7
_EBTRB_OFF_7H                     000000FF
_EBTRB_ON_7H                      000000BF
_FCMEN_OFF_1H                     000000BF
_FCMEN_ON_1H                      000000FF
_FOSC_ECIO_EC_1H                  000000F4
_FOSC_ECPLLIO_EC_1H               000000F6
_FOSC_ECPLL_EC_1H                 000000F7
_FOSC_EC_EC_1H                    000000F5
_FOSC_HSPLL_HS_1H                 000000FE
_FOSC_HS_1H                       000000FC
_FOSC_INTOSCIO_EC_1H              000000F8
_FOSC_INTOSC_EC_1H                000000F9
_FOSC_INTOSC_HS_1H                000000FB
_FOSC_INTOSC_XT_1H                000000FA
_FOSC_XTPLL_XT_1H                 000000F2
_FOSC_XT_XT_1H                    000000F0
_ICPRT_OFF_4L                     000000DF
_ICPRT_ON_4L                      000000FF
_IDLOC0                           00200000
_IDLOC1                           00200001
_IDLOC2                           00200002
_IDLOC3                           00200003
MPASM  5.51                    MIDPROJECT.ASM   11-27-2020  23:25:33         PAGE 23


SYMBOL TABLE
  LABEL                             VALUE 

_IDLOC4                           00200004
_IDLOC5                           00200005
_IDLOC6                           00200006
_IDLOC7                           00200007
_IESO_OFF_1H                      0000007F
_IESO_ON_1H                       000000FF
_LPT1OSC_OFF_3H                   000000FB
_LPT1OSC_ON_3H                    000000FF
_LVP_OFF_4L                       000000FB
_LVP_ON_4L                        000000FF
_MCLRE_OFF_3H                     0000007F
_MCLRE_ON_3H                      000000FF
_PBADEN_OFF_3H                    000000FD
_PBADEN_ON_3H                     000000FF
_PLLDIV_10_1L                     000000FE
_PLLDIV_12_1L                     000000FF
_PLLDIV_1_1L                      000000F8
_PLLDIV_2_1L                      000000F9
_PLLDIV_3_1L                      000000FA
_PLLDIV_4_1L                      000000FB
_PLLDIV_5_1L                      000000FC
_PLLDIV_6_1L                      000000FD
_PWRT_OFF_2L                      000000FF
_PWRT_ON_2L                       000000FE
_STVREN_OFF_4L                    000000FE
_STVREN_ON_4L                     000000FF
_USBDIV_1_1L                      000000DF
_USBDIV_2_1L                      000000FF
_VREGEN_OFF_2L                    000000DF
_VREGEN_ON_2L                     000000FF
_WDTPS_1024_2H                    000000F5
_WDTPS_128_2H                     000000EF
_WDTPS_16384_2H                   000000FD
_WDTPS_16_2H                      000000E9
_WDTPS_1_2H                       000000E1
_WDTPS_2048_2H                    000000F7
_WDTPS_256_2H                     000000F1
_WDTPS_2_2H                       000000E3
_WDTPS_32768_2H                   000000FF
_WDTPS_32_2H                      000000EB
_WDTPS_4096_2H                    000000F9
_WDTPS_4_2H                       000000E5
_WDTPS_512_2H                     000000F3
_WDTPS_64_2H                      000000ED
_WDTPS_8192_2H                    000000FB
_WDTPS_8_2H                       000000E7
_WDT_OFF_2H                       000000FE
_WDT_ON_2H                        000000FF
_WRT0_OFF_6L                      000000FF
_WRT0_ON_6L                       000000FE
_WRT1_OFF_6L                      000000FF
_WRT1_ON_6L                       000000FD
_WRT2_OFF_6L                      000000FF
MPASM  5.51                    MIDPROJECT.ASM   11-27-2020  23:25:33         PAGE 24


SYMBOL TABLE
  LABEL                             VALUE 

_WRT2_ON_6L                       000000FB
_WRT3_OFF_6L                      000000FF
_WRT3_ON_6L                       000000F7
_WRTB_OFF_6H                      000000FF
_WRTB_ON_6H                       000000BF
_WRTC_OFF_6H                      000000FF
_WRTC_ON_6H                       000000DF
_WRTD_OFF_6H                      000000FF
_WRTD_ON_6H                       0000007F
_XINST_OFF_4L                     000000BF
_XINST_ON_4L                      000000FF
__18F4550                         00000001
__DEBUG                           1
again                             00000022
again1                            0000001E
check1                            00000292
check2                            0000029A
check3                            000002A2
clrdisplay                        0000015A
cursor                            00000152
delay                             0000001A
dup_nop                           
i                                 00000011
keyA                              0000004E
keyB                              00000058
keyC                              00000062
keyD                              0000006C
lcd                               00000144
line1                             00000128
line2                             00000136
loop_cnt                          00000000
loop_cnt1                         00000001
matrix                            0000014A
sendDATA                          0000011A
show#                             0000027C
show0                             00000260
show1                             000001E2
show2                             000001F0
show3                             000001FE
show4                             0000020C
show5                             0000021A
show6                             00000228
show7                             00000236
show8                             00000244
show9                             00000252
showstar                          0000026E
start                             0000028A
writecmd                          0000010C
MPASM  5.51                    MIDPROJECT.ASM   11-27-2020  23:25:33         PAGE 25


MEMORY USAGE MAP ('X' = Used,  '-' = Unused)


0000 : XXXX----XX------ --------XXXXXXXX XXXXXXXXXXXXXXXX XXXXXXXXXXXXXXXX
0040 : XXXXXXXXXXXXXXXX XXXXXXXXXXXXXXXX XXXXXXXXXXXXXXXX XXXXXXXXXXXXXXXX
0080 : XXXXXXXXXXXXXXXX XXXXXXXXXXXXXXXX XXXXXXXXXXXXXXXX XXXXXXXXXXXXXXXX
00C0 : XXXXXXXXXXXXXXXX XXXXXXXXXXXXXXXX XXXXXXXXXXXXXXXX XXXXXXXXXXXXXXXX
0100 : XXXXXXXXXXXXXXXX XXXXXXXXXXXXXXXX XXXXXXXXXXXXXXXX XXXXXXXXXXXXXXXX
0140 : XXXXXXXXXXXXXXXX XXXXXXXXXXXXXXXX XXXXXXXXXXXXXXXX XXXXXXXXXXXXXXXX
0180 : XXXXXXXXXXXXXXXX XXXXXXXXXXXXXXXX XXXXXXXXXXXXXXXX XXXXXXXXXXXXXXXX
01C0 : XXXXXXXXXXXXXXXX XXXXXXXXXXXXXXXX XXXXXXXXXXXXXXXX XXXXXXXXXXXXXXXX
0200 : XXXXXXXXXXXXXXXX XXXXXXXXXXXXXXXX XXXXXXXXXXXXXXXX XXXXXXXXXXXXXXXX
0240 : XXXXXXXXXXXXXXXX XXXXXXXXXXXXXXXX XXXXXXXXXXXXXXXX XXXXXXXXXXXXXXXX
0280 : XXXXXXXXXXXXXXXX XXXXXXXXXXXXXXXX XXXXXXXX-------- ----------------

All other memory blocks unused.

Program Memory Bytes Used:   662
Program Memory Bytes Free: 32106


Errors   :     0
Warnings :     0 reported,     0 suppressed
Messages :     0 reported,     0 suppressed

